<?xml version="1.0" encoding="UTF-8"?>
<testng-results ignored="0" total="1" passed="1" failed="0" skipped="0">
  <reporter-output>
  </reporter-output>
  <suite started-at="2021-11-14T10:40:47 EST" name="Default suite" finished-at="2021-11-14T10:40:47 EST" duration-ms="88">
    <groups>
    </groups>
    <test started-at="2021-11-14T10:40:47 EST" name="Default test" finished-at="2021-11-14T10:40:47 EST" duration-ms="88">
      <class name="xmlpractice.utilities">
        <test-method is-config="true" signature="beforeClass()[pri:0, instance:xmlpractice.utilities@44821a96]" started-at="2021-11-14T10:40:47 EST" name="beforeClass" finished-at="2021-11-14T10:40:47 EST" duration-ms="15" status="PASS">
          <reporter-output>
          </reporter-output>
        </test-method> <!-- beforeClass -->
        <test-method signature="f()[pri:0, instance:xmlpractice.utilities@44821a96]" started-at="2021-11-14T10:40:47 EST" name="f" finished-at="2021-11-14T10:40:47 EST" duration-ms="9" status="PASS">
          <reporter-output>
          </reporter-output>
        </test-method> <!-- f -->
        <test-method is-config="true" signature="afterClass()[pri:0, instance:xmlpractice.utilities@44821a96]" started-at="2021-11-14T10:40:47 EST" name="afterClass" finished-at="2021-11-14T10:40:47 EST" duration-ms="1" status="PASS">
          <reporter-output>
          </reporter-output>
        </test-method> <!-- afterClass -->
      </class> <!-- xmlpractice.utilities -->
    </test> <!-- Default test -->
  </suite> <!-- Default suite -->
</testng-results>
